<?xml version="1.0" encoding="UTF-8"?>
<testng-results ignored="0" total="1" passed="1" failed="0" skipped="0">
  <reporter-output>
  </reporter-output>
  <suite started-at="2024-06-06T17:12:22 IST" name="Default suite" finished-at="2024-06-06T17:17:36 IST" duration-ms="314348">
    <groups>
    </groups>
    <test started-at="2024-06-06T17:12:22 IST" name="Default test" finished-at="2024-06-06T17:17:36 IST" duration-ms="314348">
      <class name="Lume_MainPage.MainPage_Lume">
        <test-method signature="mainExecution()[pri:0, instance:Lume_MainPage.MainPage_Lume@74e52303]" started-at="2024-06-06T17:12:22 IST" name="mainExecution" finished-at="2024-06-06T17:17:36 IST" duration-ms="314271" status="PASS">
          <reporter-output>
          </reporter-output>
        </test-method> <!-- mainExecution -->
        <test-method is-config="true" signature="closewindow()[pri:0, instance:Lume_MainPage.MainPage_Lume@74e52303]" started-at="2024-06-06T17:17:36 IST" name="closewindow" finished-at="2024-06-06T17:17:37 IST" duration-ms="616" status="PASS">
          <reporter-output>
          </reporter-output>
        </test-method> <!-- closewindow -->
      </class> <!-- Lume_MainPage.MainPage_Lume -->
    </test> <!-- Default test -->
  </suite> <!-- Default suite -->
</testng-results>
